XYZReader/build/intermediates/manifest_merge_blame_file/debug/manifest-merger-blame-debug-report.txt
1<?xml version="1.0" encoding="utf-8"?>
2<manifest xmlns:android="http://schemas.android.com/apk/res/android"
3    package="com.example.xyzreader"
4    android:versionCode="1"
5    android:versionName="1.0" >
6
7    <uses-sdk
8        android:minSdkVersion="19"
8-->src/main/AndroidManifest.xml
9        android:targetSdkVersion="28" />
9-->src/main/AndroidManifest.xml
10
11    <uses-permission android:name="android.permission.INTERNET" />
11-->src/main/AndroidManifest.xml:7:5-67
11-->src/main/AndroidManifest.xml:7:22-64
12    <uses-permission android:name="android.permission.WRITE_EXTERNAL_STORAGE" />
12-->src/main/AndroidManifest.xml:8:5-81
12-->src/main/AndroidManifest.xml:8:22-78
13    <uses-permission android:name="android.permission.BROADCAST_STICKY" />
13-->src/main/AndroidManifest.xml:9:5-75
13-->src/main/AndroidManifest.xml:9:22-72
14    <uses-permission android:name="android.permission.ACCESS_NETWORK_STATE" />
14-->src/main/AndroidManifest.xml:10:5-79
14-->src/main/AndroidManifest.xml:10:22-76
15
16    <application
16-->src/main/AndroidManifest.xml:15:5-53:19
17        android:allowBackup="true"
17-->src/main/AndroidManifest.xml:17:9-35
18        android:appComponentFactory="androidx.core.app.CoreComponentFactory"
18-->[androidx.core:core:1.1.0] AndroidManifest.xml:24:18-86
19        android:debuggable="true"
20        android:icon="@mipmap/ic_launcher"
20-->src/main/AndroidManifest.xml:18:9-43
21        android:label="@string/app_name"
21-->src/main/AndroidManifest.xml:19:9-41
22        android:testOnly="true"
23        android:theme="@style/AppTheme" >
23-->src/main/AndroidManifest.xml:20:9-40
24        <uses-library
24-->src/main/AndroidManifest.xml:22:9-88
25            android:name="org.apache.http.legacy"
25-->src/main/AndroidManifest.xml:22:23-60
26            android:required="false" />
26-->src/main/AndroidManifest.xml:22:61-85
27
28        <activity
28-->src/main/AndroidManifest.xml:24:9-31:20
29            android:name="com.example.xyzreader.ui.ArticleListActivity"
29-->src/main/AndroidManifest.xml:25:13-51
30            android:label="@string/app_name" >
30-->src/main/AndroidManifest.xml:26:13-45
31            <intent-filter>
31-->src/main/AndroidManifest.xml:27:13-30:29
32                <action android:name="android.intent.action.MAIN" />
32-->src/main/AndroidManifest.xml:28:17-69
32-->src/main/AndroidManifest.xml:28:25-66
33
34                <category android:name="android.intent.category.LAUNCHER" />
34-->src/main/AndroidManifest.xml:29:17-77
34-->src/main/AndroidManifest.xml:29:27-74
35            </intent-filter>
36        </activity>
37        <activity
37-->src/main/AndroidManifest.xml:33:9-44:20
38            android:name="com.example.xyzreader.ui.ArticleDetailActivity"
38-->src/main/AndroidManifest.xml:34:13-53
39            android:parentActivityName="com.example.xyzreader.ui.ArticleListActivity" >
39-->src/main/AndroidManifest.xml:35:13-65
40            <intent-filter>
40-->src/main/AndroidManifest.xml:36:13-40:29
41                <action android:name="android.intent.action.VIEW" />
41-->src/main/AndroidManifest.xml:37:17-69
41-->src/main/AndroidManifest.xml:37:25-66
42
43                <category android:name="android.intent.category.DEFAULT" />
43-->src/main/AndroidManifest.xml:38:17-76
43-->src/main/AndroidManifest.xml:38:27-73
44
45                <data android:mimeType="vnd.android.cursor.item/vnd.com.example.xyzreader.items" />
45-->src/main/AndroidManifest.xml:39:17-100
45-->src/main/AndroidManifest.xml:39:23-97
46            </intent-filter>
47
48            <meta-data
48-->src/main/AndroidManifest.xml:41:13-43:59
49                android:name="android.support.PARENT_ACTIVITY"
49-->src/main/AndroidManifest.xml:42:17-63
50                android:value=".ui.ArticleListActivity" />
50-->src/main/AndroidManifest.xml:43:17-56
51        </activity>
52
53        <service
53-->src/main/AndroidManifest.xml:46:9-47:40
54            android:name="com.example.xyzreader.data.UpdaterService"
54-->src/main/AndroidManifest.xml:46:18-53
55            android:exported="false" />
55-->src/main/AndroidManifest.xml:47:13-37
56
57        <provider
57-->src/main/AndroidManifest.xml:49:9-51:40
58            android:name="com.example.xyzreader.data.ItemsProvider"
58-->src/main/AndroidManifest.xml:49:19-53
59            android:authorities="com.example.xyzreader"
59-->src/main/AndroidManifest.xml:50:13-56
60            android:exported="false" />
60-->src/main/AndroidManifest.xml:51:13-37
61    </application>
62
63</manifest>